Removed Pin From Net: NetName=A7 Pin=BB1-5
Removed Pin From Net: NetName=A7 Pin=BB1-6
Removed Pin From Net: NetName=A5 Pin=BB1-7
Removed Pin From Net: NetName=A5 Pin=BB1-8
Removed Pin From Net: NetName=A3 Pin=BB1-9
Removed Pin From Net: NetName=A3 Pin=BB1-10
Removed Pin From Net: NetName=A1 Pin=BB1-11
Removed Pin From Net: NetName=A1 Pin=BB1-12
Removed Pin From Net: NetName=D15 Pin=BB1-13
Removed Pin From Net: NetName=D15 Pin=BB1-14
Removed Pin From Net: NetName=D13 Pin=BB1-15
Removed Pin From Net: NetName=D13 Pin=BB1-16
Removed Pin From Net: NetName=D11 Pin=BB1-17
Removed Pin From Net: NetName=D11 Pin=BB1-18
Removed Pin From Net: NetName=D9 Pin=BB1-19
Removed Pin From Net: NetName=D9 Pin=BB1-20
Removed Pin From Net: NetName=D7 Pin=BB1-21
Removed Pin From Net: NetName=D7 Pin=BB1-22
Removed Pin From Net: NetName=D5 Pin=BB1-23
Removed Pin From Net: NetName=D5 Pin=BB1-24
Removed Pin From Net: NetName=D3 Pin=BB1-25
Removed Pin From Net: NetName=D3 Pin=BB1-26
Removed Pin From Net: NetName=D1 Pin=BB1-27
Removed Pin From Net: NetName=D1 Pin=BB1-28
Removed Pin From Net: NetName=CS2 Pin=BB1-29
Removed Pin From Net: NetName=CS2 Pin=BB1-30
Removed Pin From Net: NetName=OE Pin=BB1-31
Removed Pin From Net: NetName=OE Pin=BB1-32
Added Pin To Net: NetName=OE Pin=BB1-5
Added Pin To Net: NetName=OE Pin=BB1-6
Added Pin To Net: NetName=A7 Pin=BB1-7
Added Pin To Net: NetName=A7 Pin=BB1-8
Added Pin To Net: NetName=A5 Pin=BB1-9
Added Pin To Net: NetName=A5 Pin=BB1-10
Added Pin To Net: NetName=A3 Pin=BB1-11
Added Pin To Net: NetName=A3 Pin=BB1-12
Added Pin To Net: NetName=A1 Pin=BB1-13
Added Pin To Net: NetName=A1 Pin=BB1-14
Added Pin To Net: NetName=CS2 Pin=BB1-15
Added Pin To Net: NetName=CS2 Pin=BB1-16
Added Pin To Net: NetName=D15 Pin=BB1-17
Added Pin To Net: NetName=D15 Pin=BB1-18
Added Pin To Net: NetName=D13 Pin=BB1-19
Added Pin To Net: NetName=D13 Pin=BB1-20
Added Pin To Net: NetName=D11 Pin=BB1-21
Added Pin To Net: NetName=D11 Pin=BB1-22
Added Pin To Net: NetName=D9 Pin=BB1-23
Added Pin To Net: NetName=D9 Pin=BB1-24
Added Pin To Net: NetName=D7 Pin=BB1-25
Added Pin To Net: NetName=D7 Pin=BB1-26
Added Pin To Net: NetName=D5 Pin=BB1-27
Added Pin To Net: NetName=D5 Pin=BB1-28
Added Pin To Net: NetName=D3 Pin=BB1-29
Added Pin To Net: NetName=D3 Pin=BB1-30
Added Pin To Net: NetName=D1 Pin=BB1-31
Added Pin To Net: NetName=D1 Pin=BB1-32
