Added Component: Designator=C21(6-0805_N)
Added Component: Designator=C22(6-0805_N)
Added Component: Designator=C23(6-0805_N)
Added Component: Designator=C24(6-0805_N)
Added Component: Designator=C25(6-0805_N)
Added Component: Designator=C26(6-0805_N)
Added Component: Designator=C27(6-0805_N)
Added Component: Designator=D9(SMB)
Added Component: Designator=L3(B82464G2)
Added Component: Designator=R17(6-0805_L)
Added Component: Designator=R24(6-0805_L)
Added Component: Designator=R25(6-0805_L)
Added Component: Designator=R26(6-0805_L)
Added Component: Designator=R27(6-0805_L)
Added Component: Designator=R28(6-0805_L)
Added Component: Designator=U3(QFN65P400X400X80-16N)
Added Pin To Net: NetName=GND Pin=C22-1
Added Pin To Net: NetName=NetC16_2 Pin=C22-2
Added Pin To Net: NetName=GND Pin=C23-1
Added Pin To Net: NetName=+5V Pin=C23-2
Added Pin To Net: NetName=GND Pin=C24-1
Added Pin To Net: NetName=+5V Pin=C24-2
Added Pin To Net: NetName=+5V Pin=C26-2
Added Pin To Net: NetName=GND Pin=C27-1
Added Pin To Net: NetName=+5V Pin=L3-2
Added Pin To Net: NetName=NetC16_2 Pin=R17-2
Added Pin To Net: NetName=+5V Pin=R24-2
Added Pin To Net: NetName=GND Pin=R28-1
Added Pin To Net: NetName=NetC16_2 Pin=U3-1
Added Pin To Net: NetName=GND Pin=U3-2
Added Pin To Net: NetName=GND Pin=U3-6
Added Pin To Net: NetName=GND Pin=U3-7
Added Pin To Net: NetName=GND Pin=U3-10
Added Pin To Net: NetName=GND Pin=U3-13
Added Pin To Net: NetName=GND Pin=U3-14
Added Pin To Net: NetName=GND Pin=U3-15
Added Pin To Net: NetName=GND Pin=U3-16
Added Pin To Net: NetName=NetC21_1 Pin=C21-1
Added Pin To Net: NetName=NetC21_1 Pin=D9-2
Added Pin To Net: NetName=NetC21_1 Pin=L3-1
Added Pin To Net: NetName=NetC21_1 Pin=U3-12
Added Net: Name=NetC21_1
Added Pin To Net: NetName=NetC21_2 Pin=C21-2
Added Pin To Net: NetName=NetC21_2 Pin=U3-11
Added Net: Name=NetC21_2
Added Pin To Net: NetName=NetC25_1 Pin=C25-1
Added Pin To Net: NetName=NetC25_1 Pin=R26-1
Added Pin To Net: NetName=NetC25_1 Pin=R27-1
Added Pin To Net: NetName=NetC25_1 Pin=U3-9
Added Net: Name=NetC25_1
Added Pin To Net: NetName=NetC25_2 Pin=C25-2
Added Pin To Net: NetName=NetC25_2 Pin=R25-1
Added Pin To Net: NetName=NetC25_2 Pin=U3-8
Added Net: Name=NetC25_2
Added Pin To Net: NetName=NetC26_1 Pin=C26-1
Added Pin To Net: NetName=NetC26_1 Pin=R24-1
Added Pin To Net: NetName=NetC26_1 Pin=R28-2
Added Pin To Net: NetName=NetC26_1 Pin=U3-5
Added Net: Name=NetC26_1
Added Pin To Net: NetName=NetC27_2 Pin=C27-2
Added Pin To Net: NetName=NetC27_2 Pin=U3-4
Added Net: Name=NetC27_2
Added Pin To Net: NetName=NetD9_1 Pin=D9-1
Added Pin To Net: NetName=NetD9_1 Pin=R25-2
Added Pin To Net: NetName=NetD9_1 Pin=R26-2
Added Pin To Net: NetName=NetD9_1 Pin=R27-2
Added Net: Name=NetD9_1
Added Pin To Net: NetName=NetR17_1 Pin=R17-1
Added Pin To Net: NetName=NetR17_1 Pin=U3-3
Added Net: Name=NetR17_1
Added Class: Name=Power Supply
Added Room: Name=Power Supply
