Removed Pin From Net: NetName=NetC2_1 Pin=D4-3
Removed Pin From Net: NetName=NetC2_1 Pin=D5-1
Removed Pin From Net: NetName=NetF1_3 Pin=F1-3
Removed Pin From Net: NetName=NetP2_7 Pin=R1-2
Removed Pin From Net: NetName=NetC4_2 Pin=U1-3
Change Component DesignItemId : Designator=P1 Old DesignItemId=Header 3 New DesignItemId=Header 2
Change Component Footprint: Designator=D1 Old Footprint=3.2X1.6X1.1 New Footprint=INDC1005AL
Change Component Footprint: Designator=D2 Old Footprint=3.2X1.6X1.1 New Footprint=INDC1005AL
Change Component Footprint: Designator=D3 Old Footprint=3.2X1.6X1.1 New Footprint=INDC1005AL
Change Component Footprint: Designator=P1 Old Footprint=HDR1X3 New Footprint=HDR1X2
Change Component Comment : Designator=P1 Old Comment=Header 3 New Comment=Header 2
Added Component: Designator=R29(6-0805_L)
Added Component: Designator=R30(6-0805_L)
Added Component: Designator=R31(6-0805_L)
Added Pin To Net: NetName=GND Pin=C18-1
Added Pin To Net: NetName=GND Pin=C25-1
Added Pin To Net: NetName=GND Pin=R21-1
Added Pin To Net: NetName=GND Pin=R22-1
Added Pin To Net: NetName=GND Pin=R26-1
Added Pin To Net: NetName=GND Pin=R27-1
Added Pin To Net: NetName=NetC4_2 Pin=R29-2
Added Pin To Net: NetName=NetC2_1 Pin=R30-1
Added Pin To Net: NetName=GND Pin=R31-2
Added Pin To Net: NetName=GND Pin=U2-9
Added Pin To Net: NetName=GND Pin=U3-9
Change Net Name : Old Net Name=NetF1_3 New Net Name=NetF2_3
Added Pin To Net: NetName=NetD4_3 Pin=D4-3
Added Pin To Net: NetName=NetD4_3 Pin=D5-1
Added Pin To Net: NetName=NetD4_3 Pin=R30-2
Added Net: Name=NetD4_3
Added Pin To Net: NetName=NetF1_3 Pin=F1-3
Added Pin To Net: NetName=NetF1_3 Pin=R31-1
Added Net: Name=NetF1_3
Added Pin To Net: NetName=NetR1_2 Pin=R1-2
Added Pin To Net: NetName=NetR1_2 Pin=U1-8
Added Net: Name=NetR1_2
Added Pin To Net: NetName=NetR29_1 Pin=R29-1
Added Pin To Net: NetName=NetR29_1 Pin=U1-3
Added Net: Name=NetR29_1
Added Member To Class: ClassName=top Member=Component R29 Res3
Added Member To Class: ClassName=top Member=Component R30 Res3
Added Member To Class: ClassName=top Member=Component R31 Res3
