Added Component: Designator=C1(C0805)
Added Component: Designator=C2(6-0805_N)
Added Component: Designator=C3(6-0805_N)
Added Component: Designator=C4(6-0805_N)
Added Component: Designator=C5(6-0805_N)
Added Component: Designator=C6(6-0805_N)
Added Component: Designator=C7(6-0805_N)
Added Component: Designator=C8(6-0805_N)
Added Component: Designator=C9(6-0805_N)
Added Component: Designator=C10(6-0805_N)
Added Component: Designator=C11(6-0805_N)
Added Component: Designator=C12(6-0805_N)
Added Component: Designator=C13(6-0805_N)
Added Component: Designator=C14(6-0805_N)
Added Component: Designator=C15(6-0805_N)
Added Component: Designator=C16(6-0805_N)
Added Component: Designator=C17(6-0805_N)
Added Component: Designator=C18(6-0805_N)
Added Component: Designator=C19(6-0805_N)
Added Component: Designator=C20(6-0805_N)
Added Component: Designator=D1(3.2X1.6X1.1)
Added Component: Designator=D2(3.2X1.6X1.1)
Added Component: Designator=D3(3.2X1.6X1.1)
Added Component: Designator=D4(SOT-23_N)
Added Component: Designator=D5(SOT-23_N)
Added Component: Designator=D6(SOT-23_N)
Added Component: Designator=D7(SOT-23_N)
Added Component: Designator=D8(SMB)
Added Component: Designator=F1(Ceramic_filter)
Added Component: Designator=F2(Ceramic_filter)
Added Component: Designator=J1(HDR1X3)
Added Component: Designator=J2(HDR1X3)
Added Component: Designator=J3(HDR1X3)
Added Component: Designator=L1(B82464G2)
Added Component: Designator=L2(B82464G2)
Added Component: Designator=P1(HDR1X3)
Added Component: Designator=P2(HDR1X7)
Added Component: Designator=P3(HDR1X2)
Added Component: Designator=P4(HDR1X2)
Added Component: Designator=R1(6-0805_L)
Added Component: Designator=R2(6-0805_L)
Added Component: Designator=R3(6-0805_L)
Added Component: Designator=R4(6-0805_L)
Added Component: Designator=R5(6-0805_L)
Added Component: Designator=R6(6-0805_L)
Added Component: Designator=R7(6-0805_L)
Added Component: Designator=R8(6-0805_L)
Added Component: Designator=R9(6-0805_L)
Added Component: Designator=R10(6-0805_L)
Added Component: Designator=R11(6-0805_L)
Added Component: Designator=R12(6-0805_L)
Added Component: Designator=R13(6-0805_L)
Added Component: Designator=R14(6-0805_L)
Added Component: Designator=R15(6-0805_L)
Added Component: Designator=R16(6-0805_L)
Added Component: Designator=R18(6-0805_L)
Added Component: Designator=R19(6-0805_L)
Added Component: Designator=R20(6-0805_L)
Added Component: Designator=R21(6-0805_L)
Added Component: Designator=R22(6-0805_L)
Added Component: Designator=R23(6-0805_L)
Added Component: Designator=U1(QFN65P600X600X90-28N)
Added Component: Designator=U2(QFN65P400X400X80-16N)
Added Component: Designator=Y1(R38)
Added Pin To Net: NetName=+3V3 Pin=C1-1
Added Pin To Net: NetName=GND Pin=C1-2
Added Pin To Net: NetName=30VDC_PL Pin=C2-2
Added Pin To Net: NetName=NetC3_2 Pin=C3-2
Added Pin To Net: NetName=NetC4_2 Pin=C4-2
Added Pin To Net: NetName=GND Pin=C5-1
Added Pin To Net: NetName=NetC5_2 Pin=C5-2
Added Pin To Net: NetName=GND Pin=C6-1
Added Pin To Net: NetName=GND Pin=C7-1
Added Pin To Net: NetName=GND Pin=C8-1
Added Pin To Net: NetName=NetC8_2 Pin=C8-2
Added Pin To Net: NetName=GND Pin=C9-1
Added Pin To Net: NetName=NetC9_2 Pin=C9-2
Added Pin To Net: NetName=NetC10_2 Pin=C10-2
Added Pin To Net: NetName=NetC11_1 Pin=C11-1
Added Pin To Net: NetName=NetC11_2 Pin=C11-2
Added Pin To Net: NetName=GND Pin=C12-1
Added Pin To Net: NetName=+3V3 Pin=C12-2
Added Pin To Net: NetName=GND Pin=C13-1
Added Pin To Net: NetName=+3V3 Pin=C13-2
Added Pin To Net: NetName=NetC14_1 Pin=C14-1
Added Pin To Net: NetName=NetC14_2 Pin=C14-2
Added Pin To Net: NetName=GND Pin=C15-1
Added Pin To Net: NetName=GND Pin=C16-1
Added Pin To Net: NetName=GND Pin=C17-1
Added Pin To Net: NetName=GND Pin=C20-1
Added Pin To Net: NetName=NetD1_1 Pin=D1-1
Added Pin To Net: NetName=GND Pin=D1-2
Added Pin To Net: NetName=NetD2_1 Pin=D2-1
Added Pin To Net: NetName=GND Pin=D2-2
Added Pin To Net: NetName=NetD3_1 Pin=D3-1
Added Pin To Net: NetName=GND Pin=D3-2
Added Pin To Net: NetName=NetD4_1 Pin=D4-1
Added Pin To Net: NetName=NetD5_3 Pin=D5-3
Added Pin To Net: NetName=GND Pin=D6-1
Added Pin To Net: NetName=NetD4_1 Pin=D6-3
Added Pin To Net: NetName=NetD5_3 Pin=D7-1
Added Pin To Net: NetName=GND Pin=D7-3
Added Pin To Net: NetName=NetC14_1 Pin=D8-2
Added Pin To Net: NetName=GND Pin=F1-3
Added Pin To Net: NetName=NetC11_1 Pin=F2-1
Added Pin To Net: NetName=GND Pin=F2-3
Added Pin To Net: NetName=GND Pin=J1-1
Added Pin To Net: NetName=NetJ1_2 Pin=J1-2
Added Pin To Net: NetName=+3V3 Pin=J1-3
Added Pin To Net: NetName=GND Pin=J2-1
Added Pin To Net: NetName=NetJ2_2 Pin=J2-2
Added Pin To Net: NetName=+3V3 Pin=J2-3
Added Pin To Net: NetName=GND Pin=J3-1
Added Pin To Net: NetName=NetJ3_2 Pin=J3-2
Added Pin To Net: NetName=+3V3 Pin=J3-3
Added Pin To Net: NetName=30VDC_PL Pin=L1-1
Added Pin To Net: NetName=NetC14_1 Pin=L2-1
Added Pin To Net: NetName=GND Pin=P2-1
Added Pin To Net: NetName=+3V3 Pin=P2-2
Added Pin To Net: NetName=GND Pin=P3-1
Added Pin To Net: NetName=30VDC_PL Pin=P3-2
Added Pin To Net: NetName=GND Pin=P4-1
Added Pin To Net: NetName=NetD1_1 Pin=R1-1
Added Pin To Net: NetName=NetD2_1 Pin=R2-1
Added Pin To Net: NetName=NetR2_2 Pin=R2-2
Added Pin To Net: NetName=+3V3 Pin=R3-1
Added Pin To Net: NetName=+3V3 Pin=R4-1
Added Pin To Net: NetName=+3V3 Pin=R5-1
Added Pin To Net: NetName=+3V3 Pin=R6-1
Added Pin To Net: NetName=+3V3 Pin=R7-1
Added Pin To Net: NetName=NetJ1_2 Pin=R8-1
Added Pin To Net: NetName=NetD3_1 Pin=R9-1
Added Pin To Net: NetName=+3V3 Pin=R9-2
Added Pin To Net: NetName=NetJ2_2 Pin=R10-1
Added Pin To Net: NetName=NetR10_2 Pin=R10-2
Added Pin To Net: NetName=NetR11_1 Pin=R11-1
Added Pin To Net: NetName=NetR12_1 Pin=R12-1
Added Pin To Net: NetName=NetJ3_2 Pin=R12-2
Added Pin To Net: NetName=NetC5_2 Pin=R13-2
Added Pin To Net: NetName=+3V3 Pin=R14-1
Added Pin To Net: NetName=GND Pin=R15-1
Added Pin To Net: NetName=GND Pin=R16-1
Added Pin To Net: NetName=NetC11_1 Pin=R16-2
Added Pin To Net: NetName=GND Pin=R23-1
Added Pin To Net: NetName=NetR12_1 Pin=U1-1
Added Pin To Net: NetName=GND Pin=U1-2
Added Pin To Net: NetName=NetC4_2 Pin=U1-3
Added Pin To Net: NetName=NetC5_2 Pin=U1-4
Added Pin To Net: NetName=NetC3_2 Pin=U1-5
Added Pin To Net: NetName=+3V3 Pin=U1-6
Added Pin To Net: NetName=GND Pin=U1-7
Added Pin To Net: NetName=NetR2_2 Pin=U1-9
Added Pin To Net: NetName=NetR10_2 Pin=U1-17
Added Pin To Net: NetName=+3V3 Pin=U1-19
Added Pin To Net: NetName=NetR11_1 Pin=U1-20
Added Pin To Net: NetName=GND Pin=U1-21
Added Pin To Net: NetName=NetC8_2 Pin=U1-22
Added Pin To Net: NetName=NetC9_2 Pin=U1-23
Added Pin To Net: NetName=GND Pin=U1-24
Added Pin To Net: NetName=NetC11_2 Pin=U1-25
Added Pin To Net: NetName=NetC10_2 Pin=U1-26
Added Pin To Net: NetName=GND Pin=U2-2
Added Pin To Net: NetName=GND Pin=U2-6
Added Pin To Net: NetName=GND Pin=U2-7
Added Pin To Net: NetName=GND Pin=U2-10
Added Pin To Net: NetName=NetC14_2 Pin=U2-11
Added Pin To Net: NetName=NetC14_1 Pin=U2-12
Added Pin To Net: NetName=GND Pin=U2-13
Added Pin To Net: NetName=GND Pin=U2-14
Added Pin To Net: NetName=GND Pin=U2-15
Added Pin To Net: NetName=GND Pin=U2-16
Added Pin To Net: NetName=NetC8_2 Pin=Y1-1
Added Pin To Net: NetName=NetC9_2 Pin=Y1-2
Added Pin To Net: NetName=+5V Pin=C15-2
Added Pin To Net: NetName=+5V Pin=C17-2
Added Pin To Net: NetName=+5V Pin=C19-2
Added Pin To Net: NetName=+5V Pin=L2-2
Added Pin To Net: NetName=+5V Pin=P4-2
Added Pin To Net: NetName=+5V Pin=R19-2
Added Net: Name=+5V
Added Pin To Net: NetName=NetC2_1 Pin=C2-1
Added Pin To Net: NetName=NetC2_1 Pin=C3-1
Added Pin To Net: NetName=NetC2_1 Pin=C4-1
Added Pin To Net: NetName=NetC2_1 Pin=D4-3
Added Pin To Net: NetName=NetC2_1 Pin=D5-1
Added Net: Name=NetC2_1
Added Pin To Net: NetName=NetC6_2 Pin=C6-2
Added Pin To Net: NetName=NetC6_2 Pin=C7-2
Added Pin To Net: NetName=NetC6_2 Pin=R14-2
Added Pin To Net: NetName=NetC6_2 Pin=U1-27
Added Net: Name=NetC6_2
Added Pin To Net: NetName=NetC10_1 Pin=C10-1
Added Pin To Net: NetName=NetC10_1 Pin=F1-1
Added Pin To Net: NetName=NetC10_1 Pin=R15-2
Added Net: Name=NetC10_1
Added Pin To Net: NetName=NetC16_2 Pin=C16-2
Added Pin To Net: NetName=NetC16_2 Pin=L1-2
Added Pin To Net: NetName=NetC16_2 Pin=R18-2
Added Pin To Net: NetName=NetC16_2 Pin=U2-1
Added Net: Name=NetC16_2
Added Pin To Net: NetName=NetC18_1 Pin=C18-1
Added Pin To Net: NetName=NetC18_1 Pin=R21-1
Added Pin To Net: NetName=NetC18_1 Pin=R22-1
Added Pin To Net: NetName=NetC18_1 Pin=U2-9
Added Net: Name=NetC18_1
Added Pin To Net: NetName=NetC18_2 Pin=C18-2
Added Pin To Net: NetName=NetC18_2 Pin=R20-1
Added Pin To Net: NetName=NetC18_2 Pin=U2-8
Added Net: Name=NetC18_2
Added Pin To Net: NetName=NetC19_1 Pin=C19-1
Added Pin To Net: NetName=NetC19_1 Pin=R19-1
Added Pin To Net: NetName=NetC19_1 Pin=R23-2
Added Pin To Net: NetName=NetC19_1 Pin=U2-5
Added Net: Name=NetC19_1
Added Pin To Net: NetName=NetC20_2 Pin=C20-2
Added Pin To Net: NetName=NetC20_2 Pin=U2-4
Added Net: Name=NetC20_2
Added Pin To Net: NetName=NetD8_1 Pin=D8-1
Added Pin To Net: NetName=NetD8_1 Pin=R20-2
Added Pin To Net: NetName=NetD8_1 Pin=R21-2
Added Pin To Net: NetName=NetD8_1 Pin=R22-2
Added Net: Name=NetD8_1
Added Pin To Net: NetName=NetF1_2 Pin=F1-2
Added Pin To Net: NetName=NetF1_2 Pin=F2-2
Added Pin To Net: NetName=NetF1_2 Pin=R11-2
Added Pin To Net: NetName=NetF1_2 Pin=R13-1
Added Pin To Net: NetName=NetF1_2 Pin=U1-28
Added Net: Name=NetF1_2
Added Pin To Net: NetName=NetP1_1 Pin=P1-1
Added Pin To Net: NetName=NetP1_1 Pin=U1-14
Added Net: Name=NetP1_1
Added Pin To Net: NetName=NetP1_2 Pin=P1-2
Added Pin To Net: NetName=NetP1_2 Pin=U1-10
Added Net: Name=NetP1_2
Added Pin To Net: NetName=NetP1_3 Pin=P1-3
Added Pin To Net: NetName=NetP1_3 Pin=U1-8
Added Net: Name=NetP1_3
Added Pin To Net: NetName=NetP2_6 Pin=P2-6
Added Pin To Net: NetName=NetP2_6 Pin=R6-2
Added Pin To Net: NetName=NetP2_6 Pin=U1-18
Added Net: Name=NetP2_6
Added Pin To Net: NetName=NetP2_7 Pin=P2-7
Added Pin To Net: NetName=NetP2_7 Pin=R1-2
Added Pin To Net: NetName=NetP2_7 Pin=R7-2
Added Pin To Net: NetName=NetP2_7 Pin=U1-15
Added Net: Name=NetP2_7
Added Pin To Net: NetName=NetR8_2 Pin=R8-2
Added Pin To Net: NetName=NetR8_2 Pin=U1-16
Added Net: Name=NetR8_2
Added Pin To Net: NetName=NetR18_1 Pin=R18-1
Added Pin To Net: NetName=NetR18_1 Pin=U2-3
Added Net: Name=NetR18_1
Added Pin To Net: NetName=NRESET Pin=P2-4
Added Pin To Net: NetName=NRESET Pin=R4-2
Added Pin To Net: NetName=NRESET Pin=U1-12
Added Net: Name=NRESET
Added Pin To Net: NetName=NSLEEP Pin=P2-3
Added Pin To Net: NetName=NSLEEP Pin=R3-2
Added Pin To Net: NetName=NSLEEP Pin=U1-13
Added Net: Name=NSLEEP
Added Pin To Net: NetName=WAKE Pin=P2-5
Added Pin To Net: NetName=WAKE Pin=R5-2
Added Pin To Net: NetName=WAKE Pin=U1-11
Added Net: Name=WAKE
Added Class: Name=Power Supply
Added Member To Class: ClassName=top Member=Component C1 Cap Pol3
Added Member To Class: ClassName=top Member=Component C2 Cap Semi
Added Member To Class: ClassName=top Member=Component C3 Cap Semi
Added Member To Class: ClassName=top Member=Component C4 Cap Semi
Added Member To Class: ClassName=top Member=Component C5 Cap Semi
Added Member To Class: ClassName=top Member=Component C6 Cap Semi
Added Member To Class: ClassName=top Member=Component C7 Cap Semi
Added Member To Class: ClassName=top Member=Component C8 Cap Semi
Added Member To Class: ClassName=top Member=Component C9 Cap Semi
Added Member To Class: ClassName=top Member=Component C10 Cap Semi
Added Member To Class: ClassName=top Member=Component C11 Cap Semi
Added Member To Class: ClassName=top Member=Component C12 Cap Semi
Added Member To Class: ClassName=top Member=Component C13 Cap Semi
Added Member To Class: ClassName=top Member=Component D1 RX_yellow
Added Member To Class: ClassName=top Member=Component D2 TX_yellow
Added Member To Class: ClassName=top Member=Component D3 PWR_Green
Added Member To Class: ClassName=top Member=Component D4 BAS70
Added Member To Class: ClassName=top Member=Component D5 BAS70
Added Member To Class: ClassName=top Member=Component D6 BAS70
Added Member To Class: ClassName=top Member=Component D7 BAS70
Added Member To Class: ClassName=top Member=Component F1 Ceramic Filter
Added Member To Class: ClassName=top Member=Component F2 Ceramic Filter
Added Member To Class: ClassName=top Member=Component J1 Header 3
Added Member To Class: ClassName=top Member=Component J2 Header 3
Added Member To Class: ClassName=top Member=Component J3 Header 3
Added Member To Class: ClassName=top Member=Component L1 100uH
Added Member To Class: ClassName=top Member=Component P1 Header 3
Added Member To Class: ClassName=top Member=Component P2 Header 7
Added Member To Class: ClassName=top Member=Component P3 Header 2
Added Member To Class: ClassName=top Member=Component P4 Header 2
Added Member To Class: ClassName=top Member=Component R1 Res3
Added Member To Class: ClassName=top Member=Component R2 Res3
Added Member To Class: ClassName=top Member=Component R3 Res3
Added Member To Class: ClassName=top Member=Component R4 Res3
Added Member To Class: ClassName=top Member=Component R5 Res3
Added Member To Class: ClassName=top Member=Component R6 Res3
Added Member To Class: ClassName=top Member=Component R7 Res3
Added Member To Class: ClassName=top Member=Component R8 Res3
Added Member To Class: ClassName=top Member=Component R9 Res3
Added Member To Class: ClassName=top Member=Component R10 Res3
Added Member To Class: ClassName=top Member=Component R11 Res3
Added Member To Class: ClassName=top Member=Component R12 Res3
Added Member To Class: ClassName=top Member=Component R13 Res3
Added Member To Class: ClassName=top Member=Component R14 Res3
Added Member To Class: ClassName=top Member=Component R15 Res3
Added Member To Class: ClassName=top Member=Component R16 Res3
Added Member To Class: ClassName=top Member=Component U1 SIG60
Added Member To Class: ClassName=top Member=Component Y1 4MHz
Added Room: Name=Power Supply
Added Room: Name=top
